<?xml version="1.0" encoding="UTF-8"?>
<!-- Generated by org.testng.reporters.JUnitXMLReporter -->
<testsuite ignored="0" hostname="DESKTOP-VAEFJ5D" failures="0" tests="25" name="Default test" time="249.721" errors="0" timestamp="2020-10-04T22:47:03 IST">
  <testcase classname="com.myplay.test.AutoTest" name="searchWithoutLoginTrack" time="9.904"/>
  <testcase classname="com.myplay.test.AutoTest" name="searchWithoutLoginArtist" time="7.838"/>
  <testcase classname="com.myplay.test.AutoTest" name="searchWithoutLoginByArtistAddFavourite" time="11.913"/>
  <testcase classname="com.myplay.test.AutoTest" name="validatingSignUpbutton" time="4.721"/>
  <testcase classname="com.myplay.test.AutoTest" name="validatingHomebuttonFromRegisterPage" time="5.419"/>
  <testcase classname="com.myplay.test.AutoTest" name="validatingHomebuttonFromLoginPage" time="6.258"/>
  <testcase classname="com.myplay.test.AutoTest" name="uiFormValidation" time="6.864"/>
  <testcase classname="com.myplay.test.AutoTest" name="uiFormValidationUsername" time="5.969"/>
  <testcase classname="com.myplay.test.AutoTest" name="uiFormValidationEmail" time="6.544"/>
  <testcase classname="com.myplay.test.AutoTest" name="loginUserFail" time="5.65"/>
  <testcase classname="com.myplay.test.AutoTest" name="loginUser" time="5.932"/>
  <testcase classname="com.myplay.test.AutoTest" name="searchTrack" time="63.085"/>
  <testcase classname="com.myplay.test.AutoTest" name="verifyRecommendation" time="2.495"/>
  <testcase classname="com.myplay.test.AutoTest" name="deleteRecommendation" time="5.706"/>
  <testcase classname="com.myplay.test.AutoTest" name="searchTrackAndValidatePageNumber" time="8.267"/>
  <testcase classname="com.myplay.test.AutoTest" name="searchTrackAndValidateItemsPerPage" time="7.214"/>
  <testcase classname="com.myplay.test.AutoTest" name="searchTrackAndValidateNextPage" time="13.846"/>
  <testcase classname="com.myplay.test.AutoTest" name="searchTrackAndValidateNumberOfItemPerPage" time="14.904"/>
  <testcase classname="com.myplay.test.AutoTest" name="verifyLogOut" time="8.085"/>
  <testcase classname="com.myplay.test.AutoTest" name="loginUserAfterLogout" time="7.178"/>
  <testcase classname="com.myplay.test.AutoTest" name="verfiyProfile" time="1.016"/>
  <testcase classname="com.myplay.test.AutoTest" name="validateUpdatePassword" time="8.829"/>
  <testcase classname="com.myplay.test.AutoTest" name="validateLogOut" time="7.763"/>
  <testcase classname="com.myplay.test.AutoTest" name="verifyLoginAfterUpdatingPassword" time="7.634"/>
  <testcase classname="com.myplay.test.AutoTest" name="verifyLogOutAterUpdatingPassword" time="8.209"/>
</testsuite> <!-- Default test -->
